# JRE version: OpenJDK Runtime Environment (8.0_212-b04) (build 1.8.0_212-release-1586-b04)
# Java VM: OpenJDK 64-Bit Server VM (25.212-b04 mixed mode windows-amd64 compressed oops)
Heap:
 PSYoungGen      total 444928K, used 311435K [0x00000000e0000000, 0x00000000fff00000, 0x0000000100000000)
  eden space 370176K, 75% used [0x00000000e0000000,0x00000000f11aa4d0,0x00000000f6980000)
  from space 74752K, 41% used [0x00000000fb200000,0x00000000fd078798,0x00000000ffb00000)
  to   space 74240K, 0% used [0x00000000f6980000,0x00000000f6980000,0x00000000fb200000)
 ParOldGen       total 316416K, used 178583K [0x00000000a0000000, 0x00000000b3500000, 0x00000000e0000000)
  object space 316416K, 56% used [0x00000000a0000000,0x00000000aae65e48,0x00000000b3500000)
 Metaspace       used 267225K, capacity 286116K, committed 286488K, reserved 1298432K
  class space    used 32919K, capacity 36543K, committed 36632K, reserved 1048576K
GC Heap History (10 events):
Event: 18160.025 GC heap before
{Heap before GC invocations=108 (full 6):
 PSYoungGen      total 437760K, used 437475K [0x00000000e0000000, 0x0000000100000000, 0x0000000100000000)
  eden space 377856K, 100% used [0x00000000e0000000,0x00000000f7100000,0x00000000f7100000)
  from space 59904K, 99% used [0x00000000f7100000,0x00000000fab38ef8,0x00000000fab80000)
  to   space 76288K, 0% used [0x00000000fb580000,0x00000000fb580000,0x0000000100000000)
 ParOldGen       total 316416K, used 156351K [0x00000000a0000000, 0x00000000b3500000, 0x00000000e0000000)
  object space 316416K, 49% used [0x00000000a0000000,0x00000000a98afe40,0x00000000b3500000)
 Metaspace       used 260861K, capacity 279438K, committed 279576K, reserved 1292288K
  class space    used 32255K, capacity 35828K, committed 35864K, reserved 1048576K
Event: 18160.167 GC heap after
Heap after GC invocations=108 (full 6):
 PSYoungGen      total 446976K, used 53797K [0x00000000e0000000, 0x0000000100000000, 0x0000000100000000)
  eden space 370688K, 0% used [0x00000000e0000000,0x00000000e0000000,0x00000000f6a00000)
  from space 76288K, 70% used [0x00000000fb580000,0x00000000fea09530,0x0000000100000000)
  to   space 76800K, 0% used [0x00000000f6a00000,0x00000000f6a00000,0x00000000fb500000)
 ParOldGen       total 316416K, used 156847K [0x00000000a0000000, 0x00000000b3500000, 0x00000000e0000000)
  object space 316416K, 49% used [0x00000000a0000000,0x00000000a992be40,0x00000000b3500000)
 Metaspace       used 260861K, capacity 279438K, committed 279576K, reserved 1292288K
  class space    used 32255K, capacity 35828K, committed 35864K, reserved 1048576K
}
Event: 18334.718 GC heap before
{Heap before GC invocations=109 (full 6):
 PSYoungGen      total 446976K, used 424485K [0x00000000e0000000, 0x0000000100000000, 0x0000000100000000)
  eden space 370688K, 100% used [0x00000000e0000000,0x00000000f6a00000,0x00000000f6a00000)
  from space 76288K, 70% used [0x00000000fb580000,0x00000000fea09530,0x0000000100000000)
  to   space 76800K, 0% used [0x00000000f6a00000,0x00000000f6a00000,0x00000000fb500000)
 ParOldGen       total 316416K, used 156847K [0x00000000a0000000, 0x00000000b3500000, 0x00000000e0000000)
  object space 316416K, 49% used [0x00000000a0000000,0x00000000a992be40,0x00000000b3500000)
 Metaspace       used 264294K, capacity 282994K, committed 283288K, reserved 1296384K
  class space    used 32617K, capacity 36188K, committed 36248K, reserved 1048576K
Event: 18334.818 GC heap after
Heap after GC invocations=109 (full 6):
 PSYoungGen      total 429568K, used 58576K [0x00000000e0000000, 0x0000000100000000, 0x0000000100000000)
  eden space 370688K, 0% used [0x00000000e0000000,0x00000000e0000000,0x00000000f6a00000)
  from space 58880K, 99% used [0x00000000f6a00000,0x00000000fa334148,0x00000000fa380000)
  to   space 78336K, 0% used [0x00000000fb380000,0x00000000fb380000,0x0000000100000000)
 ParOldGen       total 316416K, used 157055K [0x00000000a0000000, 0x00000000b3500000, 0x00000000e0000000)
  object space 316416K, 49% used [0x00000000a0000000,0x00000000a995fe40,0x00000000b3500000)
 Metaspace       used 264294K, capacity 282994K, committed 283288K, reserved 1296384K
  class space    used 32617K, capacity 36188K, committed 36248K, reserved 1048576K
}
Event: 18454.539 GC heap before
{Heap before GC invocations=110 (full 6):
 PSYoungGen      total 429568K, used 429264K [0x00000000e0000000, 0x0000000100000000, 0x0000000100000000)
  eden space 370688K, 100% used [0x00000000e0000000,0x00000000f6a00000,0x00000000f6a00000)
  from space 58880K, 99% used [0x00000000f6a00000,0x00000000fa334148,0x00000000fa380000)
  to   space 78336K, 0% used [0x00000000fb380000,0x00000000fb380000,0x0000000100000000)
 ParOldGen       total 316416K, used 157055K [0x00000000a0000000, 0x00000000b3500000, 0x00000000e0000000)
  object space 316416K, 49% used [0x00000000a0000000,0x00000000a995fe40,0x00000000b3500000)
 Metaspace       used 265388K, capacity 284148K, committed 284440K, reserved 1298432K
  class space    used 32729K, capacity 36333K, committed 36376K, reserved 1048576K
Event: 18454.624 GC heap after
Heap after GC invocations=110 (full 6):
 PSYoungGen      total 448000K, used 49373K [0x00000000e0000000, 0x0000000100000000, 0x0000000100000000)
  eden space 369664K, 0% used [0x00000000e0000000,0x00000000e0000000,0x00000000f6900000)
  from space 78336K, 63% used [0x00000000fb380000,0x00000000fe3b75c8,0x0000000100000000)
  to   space 76288K, 0% used [0x00000000f6900000,0x00000000f6900000,0x00000000fb380000)
 ParOldGen       total 316416K, used 157167K [0x00000000a0000000, 0x00000000b3500000, 0x00000000e0000000)
  object space 316416K, 49% used [0x00000000a0000000,0x00000000a997be40,0x00000000b3500000)
 Metaspace       used 265388K, capacity 284148K, committed 284440K, reserved 1298432K
  class space    used 32729K, capacity 36333K, committed 36376K, reserved 1048576K
}
Event: 18763.502 GC heap before
{Heap before GC invocations=111 (full 6):
 PSYoungGen      total 448000K, used 419037K [0x00000000e0000000, 0x0000000100000000, 0x0000000100000000)
  eden space 369664K, 100% used [0x00000000e0000000,0x00000000f6900000,0x00000000f6900000)
  from space 78336K, 63% used [0x00000000fb380000,0x00000000fe3b75c8,0x0000000100000000)
  to   space 76288K, 0% used [0x00000000f6900000,0x00000000f6900000,0x00000000fb380000)
 ParOldGen       total 316416K, used 157167K [0x00000000a0000000, 0x00000000b3500000, 0x00000000e0000000)
  object space 316416K, 49% used [0x00000000a0000000,0x00000000a997be40,0x00000000b3500000)
 Metaspace       used 266301K, capacity 285094K, committed 285336K, reserved 1298432K
  class space    used 32824K, capacity 36438K, committed 36504K, reserved 1048576K
Event: 18763.618 GC heap after
Heap after GC invocations=111 (full 6):
 PSYoungGen      total 409600K, used 39812K [0x00000000e0000000, 0x00000000ffb00000, 0x0000000100000000)
  eden space 369664K, 0% used [0x00000000e0000000,0x00000000e0000000,0x00000000f6900000)
  from space 39936K, 99% used [0x00000000f6900000,0x00000000f8fe1130,0x00000000f9000000)
  to   space 74752K, 0% used [0x00000000fb200000,0x00000000fb200000,0x00000000ffb00000)
 ParOldGen       total 316416K, used 164886K [0x00000000a0000000, 0x00000000b3500000, 0x00000000e0000000)
  object space 316416K, 52% used [0x00000000a0000000,0x00000000aa105800,0x00000000b3500000)
 Metaspace       used 266301K, capacity 285094K, committed 285336K, reserved 1298432K
  class space    used 32824K, capacity 36438K, committed 36504K, reserved 1048576K
}
Event: 18826.706 GC heap before
{Heap before GC invocations=112 (full 6):
 PSYoungGen      total 409600K, used 409476K [0x00000000e0000000, 0x00000000ffb00000, 0x0000000100000000)
  eden space 369664K, 100% used [0x00000000e0000000,0x00000000f6900000,0x00000000f6900000)
  from space 39936K, 99% used [0x00000000f6900000,0x00000000f8fe1130,0x00000000f9000000)
  to   space 74752K, 0% used [0x00000000fb200000,0x00000000fb200000,0x00000000ffb00000)
 ParOldGen       total 316416K, used 164886K [0x00000000a0000000, 0x00000000b3500000, 0x00000000e0000000)
  object space 316416K, 52% used [0x00000000a0000000,0x00000000aa105800,0x00000000b3500000)
 Metaspace       used 266344K, capacity 285166K, committed 285336K, reserved 1298432K
  class space    used 32825K, capacity 36438K, committed 36504K, reserved 1048576K
Event: 18826.817 GC heap after
Heap after GC invocations=112 (full 6):
 PSYoungGen      total 444928K, used 31201K [0x00000000e0000000, 0x00000000fff00000, 0x0000000100000000)
  eden space 370176K, 0% used [0x00000000e0000000,0x00000000e0000000,0x00000000f6980000)
  from space 74752K, 41% used [0x00000000fb200000,0x00000000fd078798,0x00000000ffb00000)
  to   space 74240K, 0% used [0x00000000f6980000,0x00000000f6980000,0x00000000fb200000)
 ParOldGen       total 316416K, used 178583K [0x00000000a0000000, 0x00000000b3500000, 0x00000000e0000000)
  object space 316416K, 56% used [0x00000000a0000000,0x00000000aae65e48,0x00000000b3500000)
 Metaspace       used 266344K, capacity 285166K, committed 285336K, reserved 1298432K
  class space    used 32825K, capacity 36438K, committed 36504K, reserved 1048576K
}

